<?xml version="1.0" encoding="UTF-8"?>
<testsuite name="DelayedTaskExampleTest" tests="1" skipped="0" failures="0" errors="0" timestamp="2021-04-16T20:29:28" hostname="JungJunWooui-MacBookPro.local" time="0.021">
  <properties/>
  <testcase name="hashMap()" classname="DelayedTaskExampleTest" time="0.021"/>
  <system-out><![CDATA[aa
1
2
5
6
3
4
7
]]></system-out>
  <system-err><![CDATA[]]></system-err>
</testsuite>
