<?xml version="1.0" encoding="UTF-8"?>
<testsuite name="chapter01.refactoring.case1.TicketOfficeTest" tests="1" skipped="0" failures="0" errors="0" timestamp="2021-04-26T10:10:20" hostname="JungJunWooui-MacBookPro.local" time="0.014">
  <properties/>
  <testcase name="addAll_2()" classname="chapter01.refactoring.case1.TicketOfficeTest" time="0.014"/>
  <system-out><![CDATA[]]></system-out>
  <system-err><![CDATA[]]></system-err>
</testsuite>
