<?xml version="1.0" encoding="UTF-8"?>
<testsuite name="JpaMainTest" tests="1" skipped="0" failures="0" errors="0" timestamp="2021-04-25T14:14:44" hostname="JungJunWooui-MacBookPro.local" time="0.013">
  <properties/>
  <testcase name="stream()" classname="JpaMainTest" time="0.013"/>
  <system-out><![CDATA[====================
null
Member
====================
]]></system-out>
  <system-err><![CDATA[]]></system-err>
</testsuite>
